<?xml version="1.0" encoding="UTF-8"?>
<!-- Generated by org.testng.reporters.JUnitReportReporter -->
<testsuite skipped="0" hostname="EC2AMAZ-UMIME9S" name="DeliveryOption.DigitizedAvailableButNotDownloadableAtItemLevel" tests="1" failures="0" timestamp="29 Jul 2019 15:48:04 GMT" time="8.274" errors="0">
  <testcase name="digitizedAvailableButNotDownlodableAtItemLevel" time="8.274" classname="DeliveryOption.DigitizedAvailableButNotDownloadableAtItemLevel"/>
</testsuite> <!-- DeliveryOption.DigitizedAvailableButNotDownloadableAtItemLevel -->
