<?xml version="1.0" encoding="UTF-8"?>
<!-- Generated by org.testng.reporters.JUnitReportReporter -->
<testsuite skipped="0" hostname="PR020921" name="discovery.Ecommerce.DigitizedAddToBasket" tests="1" failures="0" timestamp="08 Mar 2018 13:18:53 GMT" time="80.819" errors="0">
  <testcase name="DigitizedAddToBasket" time="80.819" classname="discovery.Ecommerce.DigitizedAddToBasket"/>
</testsuite> <!-- discovery.Ecommerce.DigitizedAddToBasket -->
