<?xml version="1.0" encoding="UTF-8"?>
<!-- Generated by org.testng.reporters.JUnitReportReporter -->
<testsuite skipped="0" hostname="PR020921" name="discovery.TagOnTest.SelfTagRemovalRequestNoSignIn" tests="1" failures="0" timestamp="08 Mar 2018 13:18:50 GMT" time="19.284" errors="0">
  <testcase name="removalRequest" time="19.284" classname="discovery.TagOnTest.SelfTagRemovalRequestNoSignIn"/>
</testsuite> <!-- discovery.TagOnTest.SelfTagRemovalRequestNoSignIn -->
