<?xml version="1.0" encoding="UTF-8"?>
<!-- Generated by org.testng.reporters.JUnitReportReporter -->
<testsuite skipped="0" hostname="WB-D-WEB11" name="DeliveryOption.WO416" tests="1" failures="0" timestamp="12 Sep 2018 10:39:49 GMT" time="28.647" errors="0">
  <testcase name="paidSearch" time="28.647" classname="DeliveryOption.WO416"/>
</testsuite> <!-- DeliveryOption.WO416 -->
