<?xml version="1.0" encoding="UTF-8"?>
<!-- Generated by org.testng.reporters.JUnitReportReporter -->
<testsuite skipped="0" hostname="PR020921" name="discovery.Sar.Sar_HO45237211FoiRequest" tests="1" failures="0" timestamp="08 Mar 2018 13:18:52 GMT" time="15.220" errors="0">
  <testcase name="HO45237211FoiRequest" time="15.220" classname="discovery.Sar.Sar_HO45237211FoiRequest"/>
</testsuite> <!-- discovery.Sar.Sar_HO45237211FoiRequest -->
