<?xml version="1.0" encoding="UTF-8"?>
<!-- Generated by org.testng.reporters.JUnitReportReporter -->
<testsuite skipped="0" hostname="EC2AMAZ-UMIME9S" name="BookmarkOnTest.Bookmark_add_Rename_Delete" tests="1" failures="0" timestamp="29 Jul 2019 15:48:04 GMT" time="27.907" errors="0">
  <testcase name="bookmark_add" time="27.907" classname="BookmarkOnTest.Bookmark_add_Rename_Delete"/>
</testsuite> <!-- BookmarkOnTest.Bookmark_add_Rename_Delete -->
