<?xml version="1.0" encoding="UTF-8"?>
<!-- Generated by org.testng.reporters.JUnitReportReporter -->
<testsuite skipped="0" hostname="PR020921" name="discovery.BrowseOnTest.Browse_Archives" tests="1" failures="0" timestamp="08 Mar 2018 13:18:53 GMT" time="9.604" errors="0">
  <testcase name="Browse_Archives" time="9.604" classname="discovery.BrowseOnTest.Browse_Archives"/>
</testsuite> <!-- discovery.BrowseOnTest.Browse_Archives -->
