<?xml version="1.0" encoding="UTF-8"?>
<!-- Generated by org.testng.reporters.JUnitReportReporter -->
<testsuite skipped="0" hostname="PR020921" name="dicovery.DeliveryOption.DigitizedPartiallyOpened" tests="1" failures="0" timestamp="08 Mar 2018 13:18:53 GMT" time="7.736" errors="0">
  <testcase name="digitizedPartiallyOpened" time="7.736" classname="dicovery.DeliveryOption.DigitizedPartiallyOpened"/>
</testsuite> <!-- dicovery.DeliveryOption.DigitizedPartiallyOpened -->
