<?xml version="1.0" encoding="UTF-8"?>
<!-- Generated by org.testng.reporters.JUnitReportReporter -->
<testsuite skipped="0" hostname="EC2AMAZ-UMIME9S" name="DetailPageOnTest.DetailPage_ShowImages_Offsite" tests="1" failures="0" timestamp="29 Jul 2019 15:48:04 GMT" time="5.359" errors="0">
  <testcase name="DetailPage_ShowImages" time="5.359" classname="DetailPageOnTest.DetailPage_ShowImages_Offsite"/>
</testsuite> <!-- DetailPageOnTest.DetailPage_ShowImages_Offsite -->
