<?xml version="1.0" encoding="UTF-8"?>
<!-- Generated by org.testng.reporters.JUnitReportReporter -->
<testsuite skipped="0" hostname="EC2AMAZ-UMIME9S" name="SingleSignOnTest.SS_clickRegisterwithEmptyFields" tests="1" failures="0" timestamp="29 Jul 2019 15:48:04 GMT" time="8.025" errors="0">
  <testcase name="clickRegisterwithEmptyFields" time="8.025" classname="SingleSignOnTest.SS_clickRegisterwithEmptyFields"/>
</testsuite> <!-- SingleSignOnTest.SS_clickRegisterwithEmptyFields -->
