<?xml version="1.0" encoding="UTF-8"?>
<!-- Generated by org.testng.reporters.JUnitReportReporter -->
<testsuite skipped="0" hostname="PR020921" name="dicovery.DeliveryOption.LocalArchive" tests="1" failures="0" timestamp="08 Mar 2018 13:18:52 GMT" time="11.134" errors="0">
  <testcase name="localArchive" time="11.134" classname="dicovery.DeliveryOption.LocalArchive"/>
</testsuite> <!-- dicovery.DeliveryOption.LocalArchive -->
