<?xml version="1.0" encoding="UTF-8"?>
<!-- Generated by org.testng.reporters.JUnitReportReporter -->
<testsuite skipped="0" hostname="EC2AMAZ-UMIME9S" name="AdvancedSearchOnTest.AS_Records_SearchTheNA_Taxonomy_Witchcraft" tests="1" failures="0" timestamp="22 Oct 2018 15:59:23 GMT" time="24.312" errors="0">
  <testcase name="SearchTheNA_Taxonomy_Witchcraft" time="24.312" classname="AdvancedSearchOnTest.AS_Records_SearchTheNA_Taxonomy_Witchcraft"/>
</testsuite> <!-- AdvancedSearchOnTest.AS_Records_SearchTheNA_Taxonomy_Witchcraft -->
