<?xml version="1.0" encoding="UTF-8"?>
<!-- Generated by org.testng.reporters.JUnitReportReporter -->
<testsuite skipped="0" hostname="EC2AMAZ-UMIME9S" name="AdvancedSearchOnTest.AS_Reference_SearchAll" tests="1" failures="0" timestamp="29 Jul 2019 15:48:04 GMT" time="8.093" errors="0">
  <testcase name="Reference_SearchAll" time="8.093" classname="AdvancedSearchOnTest.AS_Reference_SearchAll"/>
</testsuite> <!-- AdvancedSearchOnTest.AS_Reference_SearchAll -->
