<?xml version="1.0" encoding="UTF-8"?>
<!-- Generated by org.testng.reporters.JUnitReportReporter -->
<testsuite skipped="0" hostname="EC2AMAZ-UMIME9S" name="DetailPageOnTest.Verify_DetailPage_OnAllLevels" tests="1" failures="0" timestamp="29 Jul 2019 15:48:04 GMT" time="52.345" errors="0">
  <testcase name="detailPgae" time="52.345" classname="DetailPageOnTest.Verify_DetailPage_OnAllLevels"/>
</testsuite> <!-- DetailPageOnTest.Verify_DetailPage_OnAllLevels -->
