<?xml version="1.0" encoding="UTF-8"?>
<!-- Generated by org.testng.reporters.JUnitReportReporter -->
<testsuite skipped="0" hostname="PR020921" name="discovery.Ecommerce.WO416" tests="1" failures="0" timestamp="08 Mar 2018 13:18:51 GMT" time="98.683" errors="0">
  <testcase name="WO416" time="98.683" classname="discovery.Ecommerce.WO416"/>
</testsuite> <!-- discovery.Ecommerce.WO416 -->
