<?xml version="1.0" encoding="UTF-8"?>
<!-- Generated by org.testng.reporters.JUnitReportReporter -->
<testsuite skipped="0" hostname="EC2AMAZ-UMIME9S" name="Sar.Sar_DPP23289FoiRequest" tests="1" failures="0" timestamp="29 Jul 2019 15:48:04 GMT" time="8.059" errors="0">
  <testcase name="DPP23289FoiRequest" time="8.059" classname="Sar.Sar_DPP23289FoiRequest"/>
</testsuite> <!-- Sar.Sar_DPP23289FoiRequest -->
