<?xml version="1.0" encoding="UTF-8"?>
<!-- Generated by org.testng.reporters.JUnitReportReporter -->
<testsuite skipped="0" hostname="EC2AMAZ-UMIME9S" name="SingleSignOnTest.SS_clickRegisterwithInvalidPassword" tests="1" failures="0" timestamp="29 Jul 2019 15:48:04 GMT" time="9.669" errors="0">
  <testcase name="clickRegisterwithInvalidPassword" time="9.669" classname="SingleSignOnTest.SS_clickRegisterwithInvalidPassword"/>
</testsuite> <!-- SingleSignOnTest.SS_clickRegisterwithInvalidPassword -->
