<?xml version="1.0" encoding="UTF-8"?>
<!-- Generated by org.testng.reporters.JUnitReportReporter -->
<testsuite skipped="0" hostname="PR020921" name="discovery.Ecommerce.PageCheckRequestMore1000Characters" tests="1" failures="0" timestamp="08 Mar 2018 13:18:52 GMT" time="27.702" errors="0">
  <testcase name="PageCheckRequestACopy" time="27.702" classname="discovery.Ecommerce.PageCheckRequestMore1000Characters"/>
</testsuite> <!-- discovery.Ecommerce.PageCheckRequestMore1000Characters -->
