<?xml version="1.0" encoding="UTF-8"?>
<!-- Generated by org.testng.reporters.JUnitReportReporter -->
<testsuite skipped="0" hostname="PR020921" name="dicovery.DeliveryOption.AcademicSubscription" tests="1" failures="0" timestamp="08 Mar 2018 13:18:51 GMT" time="21.929" errors="0">
  <testcase name="academicSubscription" time="21.929" classname="dicovery.DeliveryOption.AcademicSubscription"/>
</testsuite> <!-- dicovery.DeliveryOption.AcademicSubscription -->
