<?xml version="1.0" encoding="UTF-8"?>
<!-- Generated by org.testng.reporters.JUnitReportReporter -->
<testsuite skipped="0" hostname="PR020921" name="discovery.BasicSearchOnTest.BS_VerifyTotalNoOfRecordsEachLink" tests="1" failures="0" timestamp="08 Mar 2018 13:18:50 GMT" time="50.536" errors="0">
  <testcase name="VerifyTotalNoOfRecordsEachLink" time="50.536" classname="discovery.BasicSearchOnTest.BS_VerifyTotalNoOfRecordsEachLink"/>
</testsuite> <!-- discovery.BasicSearchOnTest.BS_VerifyTotalNoOfRecordsEachLink -->
