<?xml version="1.0" encoding="UTF-8"?>
<!-- Generated by org.testng.reporters.JUnitReportReporter -->
<testsuite skipped="0" hostname="PR020921" name="dicovery.DeliveryOption.ClosedRetainedDeptKnown" tests="1" failures="0" timestamp="08 Mar 2018 13:18:53 GMT" time="24.596" errors="0">
  <testcase name="closedRetainedDeptKnown" time="24.596" classname="dicovery.DeliveryOption.ClosedRetainedDeptKnown"/>
</testsuite> <!-- dicovery.DeliveryOption.ClosedRetainedDeptKnown -->
