<?xml version="1.0" encoding="UTF-8"?>
<!-- Generated by org.testng.reporters.JUnitReportReporter -->
<testsuite skipped="0" hostname="EC2AMAZ-UMIME9S" name="DetailPageOnTest.DetailPage_ErrorOnRecordDescription" tests="1" failures="0" timestamp="29 Jul 2019 15:48:04 GMT" time="10.496" errors="0">
  <testcase name="DetailPage_ErrorOnRecordDescription" time="10.496" classname="DetailPageOnTest.DetailPage_ErrorOnRecordDescription"/>
</testsuite> <!-- DetailPageOnTest.DetailPage_ErrorOnRecordDescription -->
