<?xml version="1.0" encoding="UTF-8"?>
<!-- Generated by org.testng.reporters.JUnitReportReporter -->
<testsuite skipped="0" hostname="EC2AMAZ-UMIME9S" name="Ecommerce.Dsa1939registerClickNo" tests="1" failures="0" timestamp="29 Jul 2019 15:48:04 GMT" time="75.405" errors="0">
  <testcase name="Dsa1939registerClickNo" time="75.405" classname="Ecommerce.Dsa1939registerClickNo"/>
</testsuite> <!-- Ecommerce.Dsa1939registerClickNo -->
