<?xml version="1.0" encoding="UTF-8"?>
<!-- Generated by org.testng.reporters.JUnitReportReporter -->
<testsuite skipped="0" hostname="PR020921" name="discovery.FindAnAichiveOnTest.FA_HomeNation" tests="4" failures="0" timestamp="08 Mar 2018 13:18:52 GMT" time="60.824" errors="0">
  <testcase name="firstHomeNation" time="14.750" classname="discovery.FindAnAichiveOnTest.FA_HomeNation"/>
  <testcase name="secondHomeNation" time="14.775" classname="discovery.FindAnAichiveOnTest.FA_HomeNation"/>
  <testcase name="ThirdHomeNation" time="15.372" classname="discovery.FindAnAichiveOnTest.FA_HomeNation"/>
  <testcase name="FourthHomeNation" time="15.927" classname="discovery.FindAnAichiveOnTest.FA_HomeNation"/>
</testsuite> <!-- discovery.FindAnAichiveOnTest.FA_HomeNation -->
