<?xml version="1.0" encoding="UTF-8"?>
<!-- Generated by org.testng.reporters.JUnitReportReporter -->
<testsuite skipped="0" hostname="EC2AMAZ-UMIME9S" name="AdvancedSearchOnTest.AS_Search_Find_DontFindWord" tests="1" failures="0" timestamp="29 Jul 2019 15:48:04 GMT" time="11.641" errors="0">
  <testcase name="Find_DontFindWord" time="11.641" classname="AdvancedSearchOnTest.AS_Search_Find_DontFindWord"/>
</testsuite> <!-- AdvancedSearchOnTest.AS_Search_Find_DontFindWord -->
