<?xml version="1.0" encoding="UTF-8"?>
<!-- Generated by org.testng.reporters.JUnitReportReporter -->
<testsuite skipped="0" hostname="PR020921" name="discovery.BasicSearchOnTest.BS_FilterResult_VerifyCollectionAndSubjects" tests="1" failures="0" timestamp="08 Mar 2018 13:18:51 GMT" time="42.004" errors="0">
  <testcase name="VerifyCollectionAndSubjects" time="42.004" classname="discovery.BasicSearchOnTest.BS_FilterResult_VerifyCollectionAndSubjects"/>
</testsuite> <!-- discovery.BasicSearchOnTest.BS_FilterResult_VerifyCollectionAndSubjects -->
