<?xml version="1.0" encoding="UTF-8"?>
<!-- Generated by org.testng.reporters.JUnitReportReporter -->
<testsuite skipped="0" hostname="PR020921" name="discovery.FindAnAichiveOnTest.FA_ChooseRegion" tests="3" failures="0" timestamp="08 Mar 2018 13:18:52 GMT" time="57.663" errors="0">
  <testcase name="region" time="19.964" classname="discovery.FindAnAichiveOnTest.FA_ChooseRegion"/>
  <testcase name="region3" time="18.669" classname="discovery.FindAnAichiveOnTest.FA_ChooseRegion"/>
  <testcase name="region2" time="19.030" classname="discovery.FindAnAichiveOnTest.FA_ChooseRegion"/>
</testsuite> <!-- discovery.FindAnAichiveOnTest.FA_ChooseRegion -->
