<?xml version="1.0" encoding="UTF-8"?>
<!-- Generated by org.testng.reporters.JUnitReportReporter -->
<testsuite skipped="0" hostname="EC2AMAZ-UMIME9S" name="FindAnAichiveOnTest.FA_ExportAllRecordsAsCSV" tests="1" failures="0" timestamp="29 Jul 2019 15:48:04 GMT" time="29.104" errors="0">
  <testcase name="ExportAllRecordsAsCSV" time="29.104" classname="FindAnAichiveOnTest.FA_ExportAllRecordsAsCSV"/>
</testsuite> <!-- FindAnAichiveOnTest.FA_ExportAllRecordsAsCSV -->
