<?xml version="1.0" encoding="UTF-8"?>
<!-- Generated by org.testng.reporters.JUnitReportReporter -->
<testsuite skipped="0" hostname="EC2AMAZ-UMIME9S" name="BasicSearchOnTest.BS_LessThan10000_ExportAllRecordCreatorsAsCSV" tests="1" failures="0" timestamp="29 Jul 2019 15:48:04 GMT" time="40.787" errors="0">
  <testcase name="ExportAllRecordCreatorsAsCSV" time="40.787" classname="BasicSearchOnTest.BS_LessThan10000_ExportAllRecordCreatorsAsCSV"/>
</testsuite> <!-- BasicSearchOnTest.BS_LessThan10000_ExportAllRecordCreatorsAsCSV -->
