<?xml version="1.0" encoding="UTF-8"?>
<!-- Generated by org.testng.reporters.JUnitReportReporter -->
<testsuite skipped="0" hostname="EC2AMAZ-UMIME9S" name="AdvancedSearchOnTest.AS_Records_SearchTheNA_CatalogueLevel" tests="1" failures="0" timestamp="29 Jul 2019 15:48:04 GMT" time="28.047" errors="0">
  <testcase name="SearchTheNA_CatalogueLevel" time="28.047" classname="AdvancedSearchOnTest.AS_Records_SearchTheNA_CatalogueLevel"/>
</testsuite> <!-- AdvancedSearchOnTest.AS_Records_SearchTheNA_CatalogueLevel -->
