<?xml version="1.0" encoding="UTF-8"?>
<!-- Generated by org.testng.reporters.JUnitReportReporter -->
<testsuite skipped="0" hostname="EC2AMAZ-UMIME9S" name="FindAnAichiveOnTest.FA_HomeNation" tests="4" failures="0" timestamp="29 Jul 2019 15:48:04 GMT" time="45.714" errors="0">
  <testcase name="firstHomeNation" time="11.635" classname="FindAnAichiveOnTest.FA_HomeNation"/>
  <testcase name="secondHomeNation" time="11.294" classname="FindAnAichiveOnTest.FA_HomeNation"/>
  <testcase name="FourthHomeNation" time="11.412" classname="FindAnAichiveOnTest.FA_HomeNation"/>
  <testcase name="ThirdHomeNation" time="11.373" classname="FindAnAichiveOnTest.FA_HomeNation"/>
</testsuite> <!-- FindAnAichiveOnTest.FA_HomeNation -->
