<?xml version="1.0" encoding="UTF-8"?>
<!-- Generated by org.testng.reporters.JUnitReportReporter -->
<testsuite skipped="0" hostname="EC2AMAZ-UMIME9S" name="FindAnAichiveOnTest.FA_ChooseRegion" tests="3" failures="0" timestamp="29 Jul 2019 15:48:04 GMT" time="43.660" errors="0">
  <testcase name="region" time="14.741" classname="FindAnAichiveOnTest.FA_ChooseRegion"/>
  <testcase name="region3" time="14.468" classname="FindAnAichiveOnTest.FA_ChooseRegion"/>
  <testcase name="region2" time="14.451" classname="FindAnAichiveOnTest.FA_ChooseRegion"/>
</testsuite> <!-- FindAnAichiveOnTest.FA_ChooseRegion -->
