<?xml version="1.0" encoding="UTF-8"?>
<!-- Generated by org.testng.reporters.JUnitReportReporter -->
<testsuite skipped="0" hostname="EC2AMAZ-UMIME9S" name="DeliveryOption.Collectioncare" tests="1" failures="0" timestamp="29 Jul 2019 15:48:04 GMT" time="11.103" errors="0">
  <testcase name="collectionCare" time="11.103" classname="DeliveryOption.Collectioncare"/>
</testsuite> <!-- DeliveryOption.Collectioncare -->
