<?xml version="1.0" encoding="UTF-8"?>
<!-- Generated by org.testng.reporters.JUnitReportReporter -->
<testsuite skipped="0" hostname="EC2AMAZ-UMIME9S" name="Sar.Sar_RW33FQZFoiRequest" tests="1" failures="0" timestamp="29 Jul 2019 15:48:04 GMT" time="7.968" errors="0">
  <testcase name="RW33FQZFoiRequest" time="7.968" classname="Sar.Sar_RW33FQZFoiRequest"/>
</testsuite> <!-- Sar.Sar_RW33FQZFoiRequest -->
