<?xml version="1.0" encoding="UTF-8"?>
<!-- Generated by org.testng.reporters.JUnitReportReporter -->
<testsuite skipped="0" hostname="EC2AMAZ-UMIME9S" name="SingleSignOnTest.SS_ForgttenPassword" tests="1" failures="0" timestamp="29 Jul 2019 15:48:04 GMT" time="9.139" errors="0">
  <testcase name="forgotten_Password" time="9.139" classname="SingleSignOnTest.SS_ForgttenPassword"/>
</testsuite> <!-- SingleSignOnTest.SS_ForgttenPassword -->
