<?xml version="1.0" encoding="UTF-8"?>
<!-- Generated by org.testng.reporters.JUnitReportReporter -->
<testsuite skipped="0" hostname="EC2AMAZ-UMIME9S" name="DownlaodRecordOnTest.Veriy_DownloadOption_InAccount" tests="1" failures="0" timestamp="29 Jul 2019 15:48:04 GMT" time="36.003" errors="0">
  <testcase name="verify_Download_InAccount" time="36.003" classname="DownlaodRecordOnTest.Veriy_DownloadOption_InAccount"/>
</testsuite> <!-- DownlaodRecordOnTest.Veriy_DownloadOption_InAccount -->
