<?xml version="1.0" encoding="UTF-8"?>
<!-- Generated by org.testng.reporters.JUnitReportReporter -->
<testsuite skipped="0" hostname="EC2AMAZ-UMIME9S" name="SingleSignOnTest.SS_CreateAccount_ChangeEmail_ChangePassword_DeleteAccount" tests="1" failures="0" timestamp="29 Jul 2019 15:48:04 GMT" time="38.526" errors="0">
  <testcase name="CreateAccount_ChangeEmail_ChangePassword_DeleteAccount" time="38.526" classname="SingleSignOnTest.SS_CreateAccount_ChangeEmail_ChangePassword_DeleteAccount"/>
</testsuite> <!-- SingleSignOnTest.SS_CreateAccount_ChangeEmail_ChangePassword_DeleteAccount -->
