<?xml version="1.0" encoding="UTF-8"?>
<!-- Generated by org.testng.reporters.JUnitReportReporter -->
<testsuite skipped="0" hostname="PR020921" name="discovery.TagOnTest.DeleteTag" tests="1" failures="0" timestamp="08 Mar 2018 13:18:52 GMT" time="26.103" errors="0">
  <testcase name="deleteTag" time="26.103" classname="discovery.TagOnTest.DeleteTag"/>
</testsuite> <!-- discovery.TagOnTest.DeleteTag -->
