<?xml version="1.0" encoding="UTF-8"?>
<!-- Generated by org.testng.reporters.JUnitReportReporter -->
<testsuite skipped="0" hostname="EC2AMAZ-UMIME9S" name="cabinetPapersSearch.CabinetPapers_FilterbyAll_EntireDocument" tests="1" failures="0" timestamp="29 Jul 2019 15:48:04 GMT" time="7.345" errors="0">
  <testcase name="cabinetSearch" time="7.345" classname="cabinetPapersSearch.CabinetPapers_FilterbyAll_EntireDocument"/>
</testsuite> <!-- cabinetPapersSearch.CabinetPapers_FilterbyAll_EntireDocument -->
