<?xml version="1.0" encoding="UTF-8"?>
<!-- Generated by org.testng.reporters.JUnitReportReporter -->
<testsuite skipped="0" hostname="EC2AMAZ-UMIME9S" name="cabinetPapersSearch.CabinetPapers_Date_descriptionOnly" tests="1" failures="0" timestamp="29 Jul 2019 15:48:04 GMT" time="11.294" errors="0">
  <testcase name="cabinetSearch" time="11.294" classname="cabinetPapersSearch.CabinetPapers_Date_descriptionOnly"/>
</testsuite> <!-- cabinetPapersSearch.CabinetPapers_Date_descriptionOnly -->
