<?xml version="1.0" encoding="UTF-8"?>
<!-- Generated by org.testng.reporters.JUnitReportReporter -->
<testsuite skipped="0" hostname="EC2AMAZ-UMIME9S" name="Sar.Sar_AB7190VisitTheDepartmentWebsite" tests="1" failures="0" timestamp="29 Jul 2019 15:48:04 GMT" time="7.897" errors="0">
  <testcase name="AB7190VisitTheDepartmentWebsite" time="7.897" classname="Sar.Sar_AB7190VisitTheDepartmentWebsite"/>
</testsuite> <!-- Sar.Sar_AB7190VisitTheDepartmentWebsite -->
