<?xml version="1.0" encoding="UTF-8"?>
<!-- Generated by org.testng.reporters.JUnitReportReporter -->
<testsuite skipped="0" hostname="EC2AMAZ-UMIME9S" name="FindAnAichiveOnTest.FA_UsingMap" tests="2" failures="0" timestamp="29 Jul 2019 15:48:04 GMT" time="28.525" errors="0">
  <testcase name="usingmap" time="14.079" classname="FindAnAichiveOnTest.FA_UsingMap"/>
  <testcase name="BrowseCountryname2" time="14.446" classname="FindAnAichiveOnTest.FA_UsingMap"/>
</testsuite> <!-- FindAnAichiveOnTest.FA_UsingMap -->
