<?xml version="1.0" encoding="UTF-8"?>
<!-- Generated by org.testng.reporters.JUnitReportReporter -->
<testsuite skipped="0" hostname="EC2AMAZ-UMIME9S" name="BasicSearchOnTest.BS_VerifyTotalNoOfRRecordsAndRecordCreators" tests="1" failures="0" timestamp="29 Jul 2019 15:48:04 GMT" time="30.167" errors="0">
  <testcase name="VerifyTotalNoOfRRecordsAndRecordCreators" time="30.167" classname="BasicSearchOnTest.BS_VerifyTotalNoOfRRecordsAndRecordCreators"/>
</testsuite> <!-- BasicSearchOnTest.BS_VerifyTotalNoOfRRecordsAndRecordCreators -->
