<?xml version="1.0" encoding="UTF-8"?>
<!-- Generated by org.testng.reporters.JUnitReportReporter -->
<testsuite skipped="0" hostname="EC2AMAZ-UMIME9S" name="AdvancedSearchOnTest.AS_RecordCreator_CreatorType_DateRange" tests="1" failures="0" timestamp="29 Jul 2019 15:48:04 GMT" time="22.672" errors="0">
  <testcase name="CreatorType_DateRange" time="22.672" classname="AdvancedSearchOnTest.AS_RecordCreator_CreatorType_DateRange"/>
</testsuite> <!-- AdvancedSearchOnTest.AS_RecordCreator_CreatorType_DateRange -->
