<?xml version="1.0" encoding="UTF-8"?>
<!-- Generated by org.testng.reporters.JUnitReportReporter -->
<testsuite skipped="0" hostname="EC2AMAZ-UMIME9S" name="AdvancedSearchOnTest.AS_Records_SearchTheTNA_Reference_IncludeContent" tests="1" failures="0" timestamp="29 Jul 2019 15:48:04 GMT" time="25.874" errors="0">
  <testcase name="SearchTheTNA_Reference_IncludeContent" time="25.874" classname="AdvancedSearchOnTest.AS_Records_SearchTheTNA_Reference_IncludeContent"/>
</testsuite> <!-- AdvancedSearchOnTest.AS_Records_SearchTheTNA_Reference_IncludeContent -->
