<?xml version="1.0" encoding="UTF-8"?>
<!-- Generated by org.testng.reporters.JUnitReportReporter -->
<testsuite skipped="0" hostname="EC2AMAZ-UMIME9S" name="AdvancedSearchOnTest.AS_AutoLookUp_ByGovernmentDepartment" tests="1" failures="0" timestamp="29 Jul 2019 15:48:04 GMT" time="21.828" errors="0">
  <testcase name="verifyLookUp" time="21.828" classname="AdvancedSearchOnTest.AS_AutoLookUp_ByGovernmentDepartment"/>
</testsuite> <!-- AdvancedSearchOnTest.AS_AutoLookUp_ByGovernmentDepartment -->
