<?xml version="1.0" encoding="UTF-8"?>
<!-- Generated by org.testng.reporters.JUnitReportReporter -->
<testsuite skipped="0" hostname="PR020921" name="discovery.BasicSearchOnTest.BS_GreaterThan10000_ExportFirst1000ASHTML" tests="1" failures="0" timestamp="07 Mar 2018 14:36:32 GMT" time="47.773" errors="0">
  <testcase name="ExportFirst1000ASHTML" time="47.773" classname="discovery.BasicSearchOnTest.BS_GreaterThan10000_ExportFirst1000ASHTML"/>
</testsuite> <!-- discovery.BasicSearchOnTest.BS_GreaterThan10000_ExportFirst1000ASHTML -->
