<?xml version="1.0" encoding="UTF-8"?>
<!-- Generated by org.testng.reporters.JUnitReportReporter -->
<testsuite skipped="0" hostname="PR020921" name="dicovery.DeliveryOption.DisplayAtMuseum" tests="1" failures="0" timestamp="08 Mar 2018 13:18:51 GMT" time="13.391" errors="0">
  <testcase name="displayAtMuseum" time="13.391" classname="dicovery.DeliveryOption.DisplayAtMuseum"/>
</testsuite> <!-- dicovery.DeliveryOption.DisplayAtMuseum -->
