<?xml version="1.0" encoding="UTF-8"?>
<!-- Generated by org.testng.reporters.JUnitReportReporter -->
<testsuite skipped="0" hostname="PR020921" name="discovery.TagOnTest.DuplicateAddTag" tests="1" failures="0" timestamp="08 Mar 2018 13:18:51 GMT" time="28.345" errors="0">
  <testcase name="tag" time="28.345" classname="discovery.TagOnTest.DuplicateAddTag"/>
</testsuite> <!-- discovery.TagOnTest.DuplicateAddTag -->
