<?xml version="1.0" encoding="UTF-8"?>
<!-- Generated by org.testng.reporters.JUnitReportReporter -->
<testsuite skipped="0" hostname="EC2AMAZ-UMIME9S" name="BasicSearchOnTest.BS_NoOfRecordsPerPage15And30And60" tests="2" failures="0" timestamp="22 Oct 2018 14:31:30 GMT" time="47.108" errors="0">
  <testcase name="click30" time="23.846" classname="BasicSearchOnTest.BS_NoOfRecordsPerPage15And30And60"/>
  <testcase name="click60" time="23.262" classname="BasicSearchOnTest.BS_NoOfRecordsPerPage15And30And60"/>
</testsuite> <!-- BasicSearchOnTest.BS_NoOfRecordsPerPage15And30And60 -->
