<?xml version="1.0" encoding="UTF-8"?>
<!-- Generated by org.testng.reporters.JUnitReportReporter -->
<testsuite skipped="0" hostname="EC2AMAZ-UMIME9S" name="Ecommerce.DigitizedAddToBasket" tests="1" failures="0" timestamp="29 Jul 2019 15:48:04 GMT" time="37.281" errors="0">
  <testcase name="DigitizedAddToBasket" time="37.281" classname="Ecommerce.DigitizedAddToBasket"/>
</testsuite> <!-- Ecommerce.DigitizedAddToBasket -->
