<?xml version="1.0" encoding="UTF-8"?>
<!-- Generated by org.testng.reporters.JUnitReportReporter -->
<testsuite skipped="0" hostname="EC2AMAZ-UMIME9S" name="BasicSearchOnTest.BS_RecordCreator_filterresult" tests="1" failures="0" timestamp="29 Jul 2019 15:48:04 GMT" time="18.093" errors="0">
  <testcase name="RecordCreator_filterresult" time="18.093" classname="BasicSearchOnTest.BS_RecordCreator_filterresult"/>
</testsuite> <!-- BasicSearchOnTest.BS_RecordCreator_filterresult -->
