<?xml version="1.0" encoding="UTF-8"?>
<!-- Generated by org.testng.reporters.JUnitReportReporter -->
<testsuite skipped="0" hostname="EC2AMAZ-UMIME9S" name="BasicSearchOnTest.BS_LessThan10000_SortedBy_Reference" tests="1" failures="0" timestamp="29 Jul 2019 15:48:04 GMT" time="25.752" errors="0">
  <testcase name="LessThan10000_SortedBy_Reference" time="25.752" classname="BasicSearchOnTest.BS_LessThan10000_SortedBy_Reference"/>
</testsuite> <!-- BasicSearchOnTest.BS_LessThan10000_SortedBy_Reference -->
