<?xml version="1.0" encoding="UTF-8"?>
<!-- Generated by org.testng.reporters.JUnitReportReporter -->
<testsuite skipped="0" hostname="PR020921" name="discovery.Ecommerce.Dsa1939registerClickYes" tests="1" failures="0" timestamp="08 Mar 2018 13:18:53 GMT" time="106.243" errors="0">
  <testcase name="Dsa1939registerClickYes" time="106.243" classname="discovery.Ecommerce.Dsa1939registerClickYes"/>
</testsuite> <!-- discovery.Ecommerce.Dsa1939registerClickYes -->
