<?xml version="1.0" encoding="UTF-8"?>
<!-- Generated by org.testng.reporters.JUnitReportReporter -->
<testsuite skipped="0" hostname="EC2AMAZ-UMIME9S" name="ManorSearchOnTest.MS_ByManor_VerifyRecordsCreator" tests="1" failures="0" timestamp="29 Jul 2019 15:48:04 GMT" time="15.138" errors="0">
  <testcase name="ByManor_VerifyRecordsCreator" time="15.138" classname="ManorSearchOnTest.MS_ByManor_VerifyRecordsCreator"/>
</testsuite> <!-- ManorSearchOnTest.MS_ByManor_VerifyRecordsCreator -->
