<?xml version="1.0" encoding="UTF-8"?>
<!-- Generated by org.testng.reporters.JUnitReportReporter -->
<testsuite skipped="0" hostname="EC2AMAZ-UMIME9S" name="DeliveryOption.FileAuthority" tests="1" failures="0" timestamp="29 Jul 2019 15:48:04 GMT" time="13.398" errors="0">
  <testcase name="fileAuthority" time="13.398" classname="DeliveryOption.FileAuthority"/>
</testsuite> <!-- DeliveryOption.FileAuthority -->
