<?xml version="1.0" encoding="UTF-8"?>
<!-- Generated by org.testng.reporters.JUnitReportReporter -->
<testsuite skipped="0" hostname="EC2AMAZ-UMIME9S" name="FindAnAichiveOnTest.FA_Export1000RecordsAsXML" tests="1" failures="0" timestamp="29 Jul 2019 15:48:04 GMT" time="34.153" errors="0">
  <testcase name="Export1000RecordsAsXML" time="34.153" classname="FindAnAichiveOnTest.FA_Export1000RecordsAsXML"/>
</testsuite> <!-- FindAnAichiveOnTest.FA_Export1000RecordsAsXML -->
