<?xml version="1.0" encoding="UTF-8"?>
<!-- Generated by org.testng.reporters.JUnitReportReporter -->
<testsuite skipped="0" hostname="EC2AMAZ-UMIME9S" name="Ecommerce.PageCheckRequestMore1000Characters" tests="1" failures="0" timestamp="29 Jul 2019 15:48:04 GMT" time="31.011" errors="0">
  <testcase name="PageCheckRequestACopy" time="31.011" classname="Ecommerce.PageCheckRequestMore1000Characters"/>
</testsuite> <!-- Ecommerce.PageCheckRequestMore1000Characters -->
