<?xml version="1.0" encoding="UTF-8"?>
<!-- Generated by org.testng.reporters.JUnitReportReporter -->
<testsuite skipped="0" hostname="PR020921" name="discovery.BasicSearchOnTest.BS_LessThan10000_SortedBy_Reference" tests="1" failures="0" timestamp="08 Mar 2018 13:18:51 GMT" time="36.845" errors="0">
  <testcase name="LessThan10000_SortedBy_Reference" time="36.845" classname="discovery.BasicSearchOnTest.BS_LessThan10000_SortedBy_Reference"/>
</testsuite> <!-- discovery.BasicSearchOnTest.BS_LessThan10000_SortedBy_Reference -->
