<?xml version="1.0" encoding="UTF-8"?>
<!-- Generated by org.testng.reporters.JUnitReportReporter -->
<testsuite skipped="0" hostname="PR020921" name="discovery.BookmarkOnTest.Bookmark_add_Rename_Delete" tests="1" failures="0" timestamp="08 Mar 2018 13:18:51 GMT" time="21.966" errors="0">
  <testcase name="bookmark_add" time="21.966" classname="discovery.BookmarkOnTest.Bookmark_add_Rename_Delete"/>
</testsuite> <!-- discovery.BookmarkOnTest.Bookmark_add_Rename_Delete -->
