<?xml version="1.0" encoding="UTF-8"?>
<!-- Generated by org.testng.reporters.JUnitReportReporter -->
<testsuite skipped="0" hostname="WB-D-WEB11" name="tna_Discovery.Test_testNg" tests="3" failures="0" timestamp="11 Sep 2018 15:03:50 GMT" time="0.031" errors="0">
  <testcase name="test2" time="0.000" classname="tna_Discovery.Test_testNg"/>
  <testcase name="test1" time="0.016" classname="tna_Discovery.Test_testNg"/>
  <testcase name="test3" time="0.015" classname="tna_Discovery.Test_testNg"/>
</testsuite> <!-- tna_Discovery.Test_testNg -->
