<?xml version="1.0" encoding="UTF-8"?>
<!-- Generated by org.testng.reporters.JUnitReportReporter -->
<testsuite skipped="0" hostname="PR020921" name="repository_API.Discovery_API_Repository_details_Id" tests="1" failures="0" timestamp="08 Mar 2018 13:35:24 GMT" time="3.174" errors="0">
  <testcase name="verifyRecords_Details" time="3.174" classname="repository_API.Discovery_API_Repository_details_Id"/>
</testsuite> <!-- repository_API.Discovery_API_Repository_details_Id -->
