<?xml version="1.0" encoding="UTF-8"?>
<!-- Generated by org.testng.reporters.JUnitReportReporter -->
<testsuite skipped="0" hostname="PR020921" name="discovery.SingleSignOnTest.SS_NoAcceptTerm" tests="1" failures="0" timestamp="08 Mar 2018 13:18:51 GMT" time="13.732" errors="0">
  <testcase name="NoAcceptTerm" time="13.732" classname="discovery.SingleSignOnTest.SS_NoAcceptTerm"/>
</testsuite> <!-- discovery.SingleSignOnTest.SS_NoAcceptTerm -->
