<?xml version="1.0" encoding="UTF-8"?>
<!-- Generated by org.testng.reporters.JUnitReportReporter -->
<testsuite skipped="0" hostname="PR020921" name="dicovery.DeliveryOption.InvigilationSafeRoom" tests="1" failures="0" timestamp="08 Mar 2018 13:18:53 GMT" time="13.946" errors="0">
  <testcase name="invigilationSafeRoom" time="13.946" classname="dicovery.DeliveryOption.InvigilationSafeRoom"/>
</testsuite> <!-- dicovery.DeliveryOption.InvigilationSafeRoom -->
