<?xml version="1.0" encoding="UTF-8"?>
<!-- Generated by org.testng.reporters.JUnitReportReporter -->
<testsuite skipped="0" hostname="PR020921" name="searchForFileAuthorities_API.Discovery_API_SearchForFileAuthorities" tests="1" failures="0" timestamp="08 Mar 2018 13:34:18 GMT" time="3.562" errors="0">
  <testcase name="verifyRecords_Details" time="3.562" classname="searchForFileAuthorities_API.Discovery_API_SearchForFileAuthorities"/>
</testsuite> <!-- searchForFileAuthorities_API.Discovery_API_SearchForFileAuthorities -->
