<?xml version="1.0" encoding="UTF-8"?>
<!-- Generated by org.testng.reporters.JUnitReportReporter -->
<testsuite skipped="0" hostname="PR020921" name="dicovery.DeliveryOption.AccessUnderReview" tests="1" failures="0" timestamp="08 Mar 2018 13:18:52 GMT" time="11.113" errors="0">
  <testcase name="accessUnderReview" time="11.113" classname="dicovery.DeliveryOption.AccessUnderReview"/>
</testsuite> <!-- dicovery.DeliveryOption.AccessUnderReview -->
