<?xml version="1.0" encoding="UTF-8"?>
<!-- Generated by org.testng.reporters.JUnitReportReporter -->
<testsuite skipped="0" hostname="EC2AMAZ-UMIME9S" name="Sar.Sar_HO4051079FoiRequest" tests="1" failures="0" timestamp="29 Jul 2019 15:48:04 GMT" time="9.016" errors="0">
  <testcase name="HO4051079FoiRequest" time="9.016" classname="Sar.Sar_HO4051079FoiRequest"/>
</testsuite> <!-- Sar.Sar_HO4051079FoiRequest -->
