<?xml version="1.0" encoding="UTF-8"?>
<!-- Generated by org.testng.reporters.JUnitReportReporter -->
<testsuite skipped="0" hostname="PR020921" name="discovery.BasicSearchOnTest.BS_LessThan10000_Export1000RecordsAsXML" tests="1" failures="0" timestamp="08 Mar 2018 13:18:51 GMT" time="44.600" errors="0">
  <testcase name="Export1000RecordsAsXML" time="44.600" classname="discovery.BasicSearchOnTest.BS_LessThan10000_Export1000RecordsAsXML"/>
</testsuite> <!-- discovery.BasicSearchOnTest.BS_LessThan10000_Export1000RecordsAsXML -->
