<?xml version="1.0" encoding="UTF-8"?>
<!-- Generated by org.testng.reporters.JUnitReportReporter -->
<testsuite skipped="0" hostname="PR020921" name="discovery.FindAnAichiveOnTest.FA_UsingMap" tests="2" failures="0" timestamp="08 Mar 2018 13:18:51 GMT" time="36.571" errors="0">
  <testcase name="usingmap" time="18.189" classname="discovery.FindAnAichiveOnTest.FA_UsingMap"/>
  <testcase name="BrowseCountryname2" time="18.382" classname="discovery.FindAnAichiveOnTest.FA_UsingMap"/>
</testsuite> <!-- discovery.FindAnAichiveOnTest.FA_UsingMap -->
