<?xml version="1.0" encoding="UTF-8"?>
<!-- Generated by org.testng.reporters.JUnitReportReporter -->
<testsuite skipped="0" hostname="PR020921" name="dicovery.DeliveryOption.DigitizedAvailableButNotDownloadableAtItemLevel" tests="1" failures="0" timestamp="08 Mar 2018 13:18:51 GMT" time="10.859" errors="0">
  <testcase name="digitizedAvailableButNotDownlodableAtItemLevel" time="10.859" classname="dicovery.DeliveryOption.DigitizedAvailableButNotDownloadableAtItemLevel"/>
</testsuite> <!-- dicovery.DeliveryOption.DigitizedAvailableButNotDownloadableAtItemLevel -->
