<?xml version="1.0" encoding="UTF-8"?>
<!-- Generated by org.testng.reporters.JUnitReportReporter -->
<testsuite skipped="0" hostname="EC2AMAZ-UMIME9S" name="AdvancedSearchOnTest.AS_Records_SpecificDate_SearchAll" tests="1" failures="0" timestamp="29 Jul 2019 15:48:04 GMT" time="34.828" errors="0">
  <testcase name="SpecificDate_SearchAll" time="34.828" classname="AdvancedSearchOnTest.AS_Records_SpecificDate_SearchAll"/>
</testsuite> <!-- AdvancedSearchOnTest.AS_Records_SpecificDate_SearchAll -->
