<?xml version="1.0" encoding="UTF-8"?>
<!-- Generated by org.testng.reporters.JUnitReportReporter -->
<testsuite skipped="0" hostname="PR020921" name="discovery.BasicSearchOnTest.BS_NoOfRecordsPerPage15And30And60" tests="3" failures="0" timestamp="08 Mar 2018 13:18:53 GMT" time="73.363" errors="0">
  <testcase name="defalutRecordsPerPage" time="19.634" classname="discovery.BasicSearchOnTest.BS_NoOfRecordsPerPage15And30And60"/>
  <testcase name="click30" time="26.868" classname="discovery.BasicSearchOnTest.BS_NoOfRecordsPerPage15And30And60"/>
  <testcase name="click60" time="26.861" classname="discovery.BasicSearchOnTest.BS_NoOfRecordsPerPage15And30And60"/>
</testsuite> <!-- discovery.BasicSearchOnTest.BS_NoOfRecordsPerPage15And30And60 -->
