<?xml version="1.0" encoding="UTF-8"?>
<!-- Generated by org.testng.reporters.JUnitReportReporter -->
<testsuite skipped="0" hostname="EC2AMAZ-UMIME9S" name="BasicSearchOnTest.BS_FilterResult_VerifyCollectionAndSubjects" tests="1" failures="0" timestamp="29 Jul 2019 15:48:04 GMT" time="29.437" errors="0">
  <testcase name="VerifyCollectionAndSubjects" time="29.437" classname="BasicSearchOnTest.BS_FilterResult_VerifyCollectionAndSubjects"/>
</testsuite> <!-- BasicSearchOnTest.BS_FilterResult_VerifyCollectionAndSubjects -->
