<?xml version="1.0" encoding="UTF-8"?>
<!-- Generated by org.testng.reporters.JUnitReportReporter -->
<testsuite skipped="0" hostname="EC2AMAZ-UMIME9S" name="BasicSearchOnTest.BS_LessThan10000ExportAllRecordsAsCSV" tests="1" failures="0" timestamp="29 Jul 2019 15:48:04 GMT" time="43.044" errors="0">
  <testcase name="LessThan10000ExportAllRecordsAsCSV" time="43.044" classname="BasicSearchOnTest.BS_LessThan10000ExportAllRecordsAsCSV"/>
</testsuite> <!-- BasicSearchOnTest.BS_LessThan10000ExportAllRecordsAsCSV -->
