<?xml version="1.0" encoding="UTF-8"?>
<!-- Generated by org.testng.reporters.JUnitReportReporter -->
<testsuite skipped="0" hostname="PR020921" name="discovery.Ecommerce.Dsa1939registerClickNo" tests="1" failures="0" timestamp="08 Mar 2018 13:18:52 GMT" time="117.494" errors="0">
  <testcase name="Dsa1939registerClickNo" time="117.494" classname="discovery.Ecommerce.Dsa1939registerClickNo"/>
</testsuite> <!-- discovery.Ecommerce.Dsa1939registerClickNo -->
