<?xml version="1.0" encoding="UTF-8"?>
<!-- Generated by org.testng.reporters.JUnitReportReporter -->
<testsuite skipped="0" hostname="PR020921" name="discovery.Ecommerce.PageCheckRequestACopy" tests="1" failures="0" timestamp="08 Mar 2018 13:18:50 GMT" time="98.445" errors="0">
  <testcase name="PageCheckRequestACopy" time="98.445" classname="discovery.Ecommerce.PageCheckRequestACopy"/>
</testsuite> <!-- discovery.Ecommerce.PageCheckRequestACopy -->
