<?xml version="1.0" encoding="UTF-8"?>
<!-- Generated by org.testng.reporters.JUnitReportReporter -->
<testsuite skipped="0" hostname="EC2AMAZ-UMIME9S" name="AdvancedSearchOnTest.AS_RecordCreator_CreatorType_CheckBox_Years" tests="1" failures="0" timestamp="29 Jul 2019 15:48:04 GMT" time="28.015" errors="0">
  <testcase name="CreatorType_CheckBox_Years" time="28.015" classname="AdvancedSearchOnTest.AS_RecordCreator_CreatorType_CheckBox_Years"/>
</testsuite> <!-- AdvancedSearchOnTest.AS_RecordCreator_CreatorType_CheckBox_Years -->
