<?xml version="1.0" encoding="UTF-8"?>
<!-- Generated by org.testng.reporters.JUnitReportReporter -->
<testsuite skipped="0" hostname="EC2AMAZ-UMIME9S" name="BasicSearchOnTest.BS_LessThan10000_SortedBy_Alldropdowns" tests="1" failures="0" timestamp="29 Jul 2019 15:48:04 GMT" time="35.509" errors="0">
  <testcase name="SortedBy_Alldropdowns" time="35.509" classname="BasicSearchOnTest.BS_LessThan10000_SortedBy_Alldropdowns"/>
</testsuite> <!-- BasicSearchOnTest.BS_LessThan10000_SortedBy_Alldropdowns -->
