<?xml version="1.0" encoding="UTF-8"?>
<!-- Generated by org.testng.reporters.JUnitReportReporter -->
<testsuite skipped="0" hostname="PR020921" name="discovery.Ecommerce.Foi1939register" tests="1" failures="0" timestamp="08 Mar 2018 13:18:53 GMT" time="98.056" errors="0">
  <testcase name="Foi1939register" time="98.056" classname="discovery.Ecommerce.Foi1939register"/>
</testsuite> <!-- discovery.Ecommerce.Foi1939register -->
