<?xml version="1.0" encoding="UTF-8"?>
<!-- Generated by org.testng.reporters.JUnitReportReporter -->
<testsuite skipped="0" hostname="PR020921" name="dicovery.DeliveryOption.InUse" tests="1" failures="0" timestamp="08 Mar 2018 13:18:50 GMT" time="16.544" errors="0">
  <testcase name="inUse" time="16.544" classname="dicovery.DeliveryOption.InUse"/>
</testsuite> <!-- dicovery.DeliveryOption.InUse -->
