<?xml version="1.0" encoding="UTF-8"?>
<!-- Generated by org.testng.reporters.JUnitReportReporter -->
<testsuite skipped="0" hostname="PR020921" name="discovery.FindAnAichiveOnTest.FA_BrowseByCountryName" tests="2" failures="0" timestamp="08 Mar 2018 13:18:52 GMT" time="42.710" errors="0">
  <testcase name="BrowseCountryname" time="20.911" classname="discovery.FindAnAichiveOnTest.FA_BrowseByCountryName"/>
  <testcase name="BrowseCountryname2" time="21.799" classname="discovery.FindAnAichiveOnTest.FA_BrowseByCountryName"/>
</testsuite> <!-- discovery.FindAnAichiveOnTest.FA_BrowseByCountryName -->
