<?xml version="1.0" encoding="UTF-8"?>
<!-- Generated by org.testng.reporters.JUnitReportReporter -->
<testsuite skipped="0" hostname="EC2AMAZ-UMIME9S" name="FindAnAichiveOnTest.FA_BrowseByCountryName" tests="2" failures="0" timestamp="29 Jul 2019 15:48:04 GMT" time="35.185" errors="0">
  <testcase name="BrowseCountryname" time="17.499" classname="FindAnAichiveOnTest.FA_BrowseByCountryName"/>
  <testcase name="BrowseCountryname2" time="17.686" classname="FindAnAichiveOnTest.FA_BrowseByCountryName"/>
</testsuite> <!-- FindAnAichiveOnTest.FA_BrowseByCountryName -->
