<?xml version="1.0" encoding="UTF-8"?>
<!-- Generated by org.testng.reporters.JUnitReportReporter -->
<testsuite skipped="0" hostname="PR020921" name="discovery.BasicSearchOnTest.BS_RecordCreator_filterresult" tests="1" failures="0" timestamp="08 Mar 2018 13:18:52 GMT" time="35.026" errors="0">
  <testcase name="RecordCreator_filterresult" time="35.026" classname="discovery.BasicSearchOnTest.BS_RecordCreator_filterresult"/>
</testsuite> <!-- discovery.BasicSearchOnTest.BS_RecordCreator_filterresult -->
