<?xml version="1.0" encoding="UTF-8"?>
<!-- Generated by org.testng.reporters.JUnitReportReporter -->
<testsuite skipped="0" hostname="EC2AMAZ-UMIME9S" name="AdvancedSearchOnTest.AS_ClosureStatus_Open_SpecificDate" tests="1" failures="0" timestamp="29 Jul 2019 15:48:04 GMT" time="36.030" errors="0">
  <testcase name="Open_SpecificDate" time="36.030" classname="AdvancedSearchOnTest.AS_ClosureStatus_Open_SpecificDate"/>
</testsuite> <!-- AdvancedSearchOnTest.AS_ClosureStatus_Open_SpecificDate -->
