<?xml version="1.0" encoding="UTF-8"?>
<!-- Generated by org.testng.reporters.JUnitReportReporter -->
<testsuite skipped="0" hostname="EC2AMAZ-UMIME9S" name="Sar.Sar_CAB1343025Retention" tests="1" failures="0" timestamp="29 Jul 2019 15:48:04 GMT" time="7.857" errors="0">
  <testcase name="CAB1343025Retention" time="7.857" classname="Sar.Sar_CAB1343025Retention"/>
</testsuite> <!-- Sar.Sar_CAB1343025Retention -->
