<?xml version="1.0" encoding="UTF-8"?>
<!-- Generated by org.testng.reporters.JUnitReportReporter -->
<testsuite skipped="0" hostname="PR020921" name="dicovery.DeliveryOption.DigitizedOther" tests="1" failures="0" timestamp="08 Mar 2018 13:18:51 GMT" time="10.282" errors="0">
  <testcase name="digitizedOther" time="10.282" classname="dicovery.DeliveryOption.DigitizedOther"/>
</testsuite> <!-- dicovery.DeliveryOption.DigitizedOther -->
