<?xml version="1.0" encoding="UTF-8"?>
<!-- Generated by org.testng.reporters.JUnitReportReporter -->
<testsuite skipped="0" hostname="EC2AMAZ-UMIME9S" name="BrowseOnTest.Record_Creators" tests="1" failures="0" timestamp="29 Jul 2019 15:48:04 GMT" time="22.276" errors="0">
  <testcase name="recordCreators" time="22.276" classname="BrowseOnTest.Record_Creators"/>
</testsuite> <!-- BrowseOnTest.Record_Creators -->
