<?xml version="1.0" encoding="UTF-8"?>
<!-- Generated by org.testng.reporters.JUnitReportReporter -->
<testsuite skipped="0" hostname="WB-D-WEB11" name="tna_Discovery.AS_AutoLookUp_ByGovernmentDepartment" tests="1" failures="0" timestamp="12 Sep 2018 09:28:39 GMT" time="65.667" errors="0">
  <testcase name="verifyLookUp" time="65.667" classname="tna_Discovery.AS_AutoLookUp_ByGovernmentDepartment"/>
</testsuite> <!-- tna_Discovery.AS_AutoLookUp_ByGovernmentDepartment -->
