<?xml version="1.0" encoding="UTF-8"?>
<!-- Generated by org.testng.reporters.JUnitReportReporter -->
<testsuite skipped="0" hostname="PR020921" name="dicovery.DeliveryOption.MouldTreatment" tests="1" failures="0" timestamp="08 Mar 2018 13:18:51 GMT" time="14.580" errors="0">
  <testcase name="mouldTreatment" time="14.580" classname="dicovery.DeliveryOption.MouldTreatment"/>
</testsuite> <!-- dicovery.DeliveryOption.MouldTreatment -->
