<?xml version="1.0" encoding="UTF-8"?>
<!-- Generated by org.testng.reporters.JUnitReportReporter -->
<testsuite skipped="0" hostname="EC2AMAZ-UMIME9S" name="DetailPageOnTest.Verify_DetailPage_OnSeriesLevel" tests="1" failures="0" timestamp="29 Jul 2019 15:48:04 GMT" time="6.872" errors="0">
  <testcase name="series_Serach" time="6.872" classname="DetailPageOnTest.Verify_DetailPage_OnSeriesLevel"/>
</testsuite> <!-- DetailPageOnTest.Verify_DetailPage_OnSeriesLevel -->
