<?xml version="1.0" encoding="UTF-8"?>
<!-- Generated by org.testng.reporters.JUnitReportReporter -->
<testsuite skipped="0" hostname="EC2AMAZ-UMIME9S" name="BasicSearchOnTest.BS_GreaterThan10000_ExportFirst1000RecordCreatorAsHTML" tests="1" failures="0" timestamp="29 Jul 2019 15:48:04 GMT" time="48.953" errors="0">
  <testcase name="ExportFirst1000RecordCreatorAsHTML" time="48.953" classname="BasicSearchOnTest.BS_GreaterThan10000_ExportFirst1000RecordCreatorAsHTML"/>
</testsuite> <!-- BasicSearchOnTest.BS_GreaterThan10000_ExportFirst1000RecordCreatorAsHTML -->
