<?xml version="1.0" encoding="UTF-8"?>
<!-- Generated by org.testng.reporters.JUnitReportReporter -->
<testsuite skipped="0" hostname="PR020921" name="dicovery.DeliveryOption.WO416" tests="1" failures="0" timestamp="08 Mar 2018 13:18:51 GMT" time="11.016" errors="0">
  <testcase name="paidSearch" time="11.016" classname="dicovery.DeliveryOption.WO416"/>
</testsuite> <!-- dicovery.DeliveryOption.WO416 -->
