<?xml version="1.0" encoding="UTF-8"?>
<!-- Generated by org.testng.reporters.JUnitReportReporter -->
<testsuite skipped="0" hostname="PR020921" name="discovery.DetailPageOnTest.Verify_DetailPage_OnAllLevels" tests="1" failures="0" timestamp="08 Mar 2018 13:18:53 GMT" time="47.950" errors="0">
  <testcase name="detailPgae" time="47.950" classname="discovery.DetailPageOnTest.Verify_DetailPage_OnAllLevels"/>
</testsuite> <!-- discovery.DetailPageOnTest.Verify_DetailPage_OnAllLevels -->
