<?xml version="1.0" encoding="UTF-8"?>
<!-- Generated by org.testng.reporters.JUnitReportReporter -->
<testsuite skipped="0" hostname="EC2AMAZ-UMIME9S" name="DeliveryOption.TooLargeToCopyOriginal" tests="1" failures="0" timestamp="29 Jul 2019 15:48:04 GMT" time="8.156" errors="0">
  <testcase name="tooLargeToCopyOriginal" time="8.156" classname="DeliveryOption.TooLargeToCopyOriginal"/>
</testsuite> <!-- DeliveryOption.TooLargeToCopyOriginal -->
