<?xml version="1.0" encoding="UTF-8"?>
<!-- Generated by org.testng.reporters.JUnitReportReporter -->
<testsuite skipped="0" hostname="PR020921" name="fileauthorities_API.Discovery_API_Collections" tests="1" failures="0" timestamp="08 Mar 2018 13:33:52 GMT" time="5.767" errors="0">
  <testcase name="verifyFileAuthority" time="5.767" classname="fileauthorities_API.Discovery_API_Collections"/>
</testsuite> <!-- fileauthorities_API.Discovery_API_Collections -->
