<?xml version="1.0" encoding="UTF-8"?>
<!-- Generated by org.testng.reporters.JUnitReportReporter -->
<testsuite skipped="0" hostname="EC2AMAZ-UMIME9S" name="BrowseOnTest.Browse_Archives" tests="1" failures="0" timestamp="29 Jul 2019 15:48:04 GMT" time="12.915" errors="0">
  <testcase name="Browse_Archives" time="12.915" classname="BrowseOnTest.Browse_Archives"/>
</testsuite> <!-- BrowseOnTest.Browse_Archives -->
