<?xml version="1.0" encoding="UTF-8"?>
<!-- Generated by org.testng.reporters.JUnitReportReporter -->
<testsuite skipped="0" hostname="PR020921" name="discovery.Ecommerce.CertifiedNaturalisationRequest" tests="1" failures="0" timestamp="08 Mar 2018 13:18:51 GMT" time="87.571" errors="0">
  <testcase name="CertifiedNaturalisationRequest" time="87.571" classname="discovery.Ecommerce.CertifiedNaturalisationRequest"/>
</testsuite> <!-- discovery.Ecommerce.CertifiedNaturalisationRequest -->
