<?xml version="1.0" encoding="UTF-8"?>
<!-- Generated by org.testng.reporters.JUnitReportReporter -->
<testsuite skipped="0" hostname="EC2AMAZ-UMIME9S" name="Sar.Sar_HO45237211FoiRequest" tests="1" failures="0" timestamp="29 Jul 2019 15:48:04 GMT" time="8.718" errors="0">
  <testcase name="HO45237211FoiRequest" time="8.718" classname="Sar.Sar_HO45237211FoiRequest"/>
</testsuite> <!-- Sar.Sar_HO45237211FoiRequest -->
