<?xml version="1.0" encoding="UTF-8"?>
<!-- Generated by org.testng.reporters.JUnitReportReporter -->
<testsuite skipped="0" hostname="PR020921" name="discovery.SingleSignOnTest.SS_clickRegisterwithInvalidEmail" tests="1" failures="0" timestamp="08 Mar 2018 13:18:51 GMT" time="13.026" errors="0">
  <testcase name="clickRegisterwithInvalidEmail" time="13.026" classname="discovery.SingleSignOnTest.SS_clickRegisterwithInvalidEmail"/>
</testsuite> <!-- discovery.SingleSignOnTest.SS_clickRegisterwithInvalidEmail -->
