<?xml version="1.0" encoding="UTF-8"?>
<!-- Generated by org.testng.reporters.JUnitReportReporter -->
<testsuite skipped="0" hostname="EC2AMAZ-UMIME9S" name="cabinetPapersSearch.CabinetPapers_Educationresources" tests="1" failures="0" timestamp="29 Jul 2019 15:48:04 GMT" time="21.827" errors="0">
  <testcase name="cabinetSearch" time="21.827" classname="cabinetPapersSearch.CabinetPapers_Educationresources"/>
</testsuite> <!-- cabinetPapersSearch.CabinetPapers_Educationresources -->
