<?xml version="1.0" encoding="UTF-8"?>
<!-- Generated by org.testng.reporters.JUnitReportReporter -->
<testsuite skipped="0" hostname="WB-D-WEB11" name="ManorSearchOnTest.MS_ForManorDocuments_KeyWordSearch" tests="1" failures="0" timestamp="12 Sep 2018 16:26:17 GMT" time="45.987" errors="0">
  <testcase name="ForManorDocuments_KeyWordSearch" time="45.987" classname="ManorSearchOnTest.MS_ForManorDocuments_KeyWordSearch"/>
</testsuite> <!-- ManorSearchOnTest.MS_ForManorDocuments_KeyWordSearch -->
