<?xml version="1.0" encoding="UTF-8"?>
<!-- Generated by org.testng.reporters.JUnitReportReporter -->
<testsuite skipped="0" hostname="EC2AMAZ-UMIME9S" name="Ecommerce.CertifiedNaturalisationRequest" tests="1" failures="0" timestamp="29 Jul 2019 15:48:04 GMT" time="77.014" errors="0">
  <testcase name="CertifiedNaturalisationRequest" time="77.014" classname="Ecommerce.CertifiedNaturalisationRequest"/>
</testsuite> <!-- Ecommerce.CertifiedNaturalisationRequest -->
