<?xml version="1.0" encoding="UTF-8"?>
<!-- Generated by org.testng.reporters.JUnitReportReporter -->
<testsuite skipped="0" hostname="EC2AMAZ-UMIME9S" name="Sar.Sar_LEV2226ZFoiRequest" tests="1" failures="0" timestamp="29 Jul 2019 15:48:04 GMT" time="7.953" errors="0">
  <testcase name="LEV2226ZFoiRequest" time="7.953" classname="Sar.Sar_LEV2226ZFoiRequest"/>
</testsuite> <!-- Sar.Sar_LEV2226ZFoiRequest -->
