<?xml version="1.0" encoding="UTF-8"?>
<!-- Generated by org.testng.reporters.JUnitReportReporter -->
<testsuite skipped="0" hostname="EC2AMAZ-UMIME9S" name="DeliveryOption.OrderOriginal" tests="1" failures="0" timestamp="29 Jul 2019 15:48:04 GMT" time="8.355" errors="0">
  <testcase name="OrderOriginal" time="8.355" classname="DeliveryOption.OrderOriginal"/>
</testsuite> <!-- DeliveryOption.OrderOriginal -->
