<?xml version="1.0" encoding="UTF-8"?>
<!-- Generated by org.testng.reporters.JUnitReportReporter -->
<testsuite skipped="0" hostname="EC2AMAZ-UMIME9S" name="Ecommerce.Dsa1939registerClickYes" tests="1" failures="0" timestamp="29 Jul 2019 15:48:04 GMT" time="44.703" errors="0">
  <testcase name="Dsa1939registerClickYes" time="44.703" classname="Ecommerce.Dsa1939registerClickYes"/>
</testsuite> <!-- Ecommerce.Dsa1939registerClickYes -->
