<?xml version="1.0" encoding="UTF-8"?>
<!-- Generated by org.testng.reporters.JUnitReportReporter -->
<testsuite skipped="0" hostname="PR020921" name="dicovery.DeliveryOption.UnAvailable" tests="1" failures="0" timestamp="08 Mar 2018 13:18:51 GMT" time="9.165" errors="0">
  <testcase name="unAvailable" time="9.165" classname="dicovery.DeliveryOption.UnAvailable"/>
</testsuite> <!-- dicovery.DeliveryOption.UnAvailable -->
