<?xml version="1.0" encoding="UTF-8"?>
<!-- Generated by org.testng.reporters.JUnitReportReporter -->
<testsuite skipped="0" hostname="EC2AMAZ-UMIME9S" name="DeliveryOption.DigitizedDiscovery" tests="1" failures="0" timestamp="29 Jul 2019 15:48:04 GMT" time="15.958" errors="0">
  <testcase name="digitizedDiscovery" time="15.958" classname="DeliveryOption.DigitizedDiscovery"/>
</testsuite> <!-- DeliveryOption.DigitizedDiscovery -->
