<?xml version="1.0" encoding="UTF-8"?>
<!-- Generated by org.testng.reporters.JUnitReportReporter -->
<testsuite skipped="0" hostname="EC2AMAZ-UMIME9S" name="Ecommerce.Finaluseraccount" tests="1" failures="0" timestamp="22 Oct 2018 13:10:07 GMT" time="25.408" errors="0">
  <testcase name="finalverification" time="25.408" classname="Ecommerce.Finaluseraccount"/>
</testsuite> <!-- Ecommerce.Finaluseraccount -->
