<?xml version="1.0" encoding="UTF-8"?>
<!-- Generated by org.testng.reporters.JUnitReportReporter -->
<testsuite skipped="0" hostname="EC2AMAZ-UMIME9S" name="AdvancedSearchOnTest.AS_Records_DateRange_SearchAll" tests="1" failures="0" timestamp="29 Jul 2019 15:48:04 GMT" time="16.937" errors="0">
  <testcase name="DateRange_SearchAll" time="16.937" classname="AdvancedSearchOnTest.AS_Records_DateRange_SearchAll"/>
</testsuite> <!-- AdvancedSearchOnTest.AS_Records_DateRange_SearchAll -->
