<?xml version="1.0" encoding="UTF-8"?>
<!-- Generated by org.testng.reporters.JUnitReportReporter -->
<testsuite skipped="0" hostname="EC2AMAZ-UMIME9S" name="ManorSearchOnTest.MS_ForManorDocuments_VerifyRecords" tests="1" failures="0" timestamp="29 Jul 2019 15:48:04 GMT" time="28.007" errors="0">
  <testcase name="ForManorDocuments_VerifyRecords" time="28.007" classname="ManorSearchOnTest.MS_ForManorDocuments_VerifyRecords"/>
</testsuite> <!-- ManorSearchOnTest.MS_ForManorDocuments_VerifyRecords -->
