<?xml version="1.0" encoding="UTF-8"?>
<!-- Generated by org.testng.reporters.JUnitReportReporter -->
<testsuite skipped="0" hostname="EC2AMAZ-UMIME9S" name="Ecommerce.WO416" tests="1" failures="0" timestamp="29 Jul 2019 15:48:04 GMT" time="50.284" errors="0">
  <testcase name="WO416" time="50.284" classname="Ecommerce.WO416"/>
</testsuite> <!-- Ecommerce.WO416 -->
