<?xml version="1.0" encoding="UTF-8"?>
<!-- Generated by org.testng.reporters.JUnitReportReporter -->
<testsuite skipped="0" hostname="PR020921" name="discovery.BrowseOnTest.Records_Of_OtherArchives" tests="1" failures="0" timestamp="08 Mar 2018 13:18:52 GMT" time="9.458" errors="0">
  <testcase name="otherArchives" time="9.458" classname="discovery.BrowseOnTest.Records_Of_OtherArchives"/>
</testsuite> <!-- discovery.BrowseOnTest.Records_Of_OtherArchives -->
