<?xml version="1.0" encoding="UTF-8"?>
<!-- Generated by org.testng.reporters.JUnitReportReporter -->
<testsuite skipped="0" hostname="PR020921" name="dicovery.DeliveryOption.DigitizedLia" tests="1" failures="0" timestamp="08 Mar 2018 13:18:53 GMT" time="11.282" errors="0">
  <testcase name="digitizedLia" time="11.282" classname="dicovery.DeliveryOption.DigitizedLia"/>
</testsuite> <!-- dicovery.DeliveryOption.DigitizedLia -->
