<?xml version="1.0" encoding="UTF-8"?>
<!-- Generated by org.testng.reporters.JUnitReportReporter -->
<testsuite skipped="0" hostname="EC2AMAZ-UMIME9S" name="BasicSearchOnTest.BS_VerifyTotalNoOfRecordsEachLink" tests="1" failures="0" timestamp="29 Jul 2019 15:48:04 GMT" time="37.831" errors="0">
  <testcase name="VerifyTotalNoOfRecordsEachLink" time="37.831" classname="BasicSearchOnTest.BS_VerifyTotalNoOfRecordsEachLink"/>
</testsuite> <!-- BasicSearchOnTest.BS_VerifyTotalNoOfRecordsEachLink -->
