<?xml version="1.0" encoding="UTF-8"?>
<!-- Generated by org.testng.reporters.JUnitReportReporter -->
<testsuite skipped="0" hostname="EC2AMAZ-UMIME9S" name="TagOnTest.AddTag" tests="1" failures="0" timestamp="29 Jul 2019 15:48:04 GMT" time="24.130" errors="0">
  <testcase name="tag" time="24.130" classname="TagOnTest.AddTag"/>
</testsuite> <!-- TagOnTest.AddTag -->
