<?xml version="1.0" encoding="UTF-8"?>
<!-- Generated by org.testng.reporters.JUnitReportReporter -->
<testsuite skipped="0" hostname="PR020921" name="dicovery.DeliveryOption.PaidSearch" tests="1" failures="0" timestamp="08 Mar 2018 13:18:50 GMT" time="10.393" errors="0">
  <testcase name="paidSearch" time="10.393" classname="dicovery.DeliveryOption.PaidSearch"/>
</testsuite> <!-- dicovery.DeliveryOption.PaidSearch -->
