<?xml version="1.0" encoding="UTF-8"?>
<!-- Generated by org.testng.reporters.JUnitReportReporter -->
<testsuite skipped="0" hostname="EC2AMAZ-UMIME9S" name="BasicSearchOnTest.BS_LessThan10000_Export1000RecordsAsXML" tests="1" failures="0" timestamp="29 Jul 2019 15:48:04 GMT" time="41.867" errors="0">
  <testcase name="Export1000RecordsAsXML" time="41.867" classname="BasicSearchOnTest.BS_LessThan10000_Export1000RecordsAsXML"/>
</testsuite> <!-- BasicSearchOnTest.BS_LessThan10000_Export1000RecordsAsXML -->
