<?xml version="1.0" encoding="UTF-8"?>
<!-- Generated by org.testng.reporters.JUnitReportReporter -->
<testsuite skipped="0" hostname="EC2AMAZ-UMIME9S" name="SingleSignOnTest.SS_clickRegisterwithInvalidEmail" tests="1" failures="0" timestamp="29 Jul 2019 15:48:04 GMT" time="8.865" errors="0">
  <testcase name="clickRegisterwithInvalidEmail" time="8.865" classname="SingleSignOnTest.SS_clickRegisterwithInvalidEmail"/>
</testsuite> <!-- SingleSignOnTest.SS_clickRegisterwithInvalidEmail -->
