<?xml version="1.0" encoding="UTF-8"?>
<!-- Generated by org.testng.reporters.JUnitReportReporter -->
<testsuite skipped="0" hostname="EC2AMAZ-UMIME9S" name="Ecommerce.Foi1939register" tests="1" failures="0" timestamp="29 Jul 2019 15:48:04 GMT" time="69.717" errors="0">
  <testcase name="Foi1939register" time="69.717" classname="Ecommerce.Foi1939register"/>
</testsuite> <!-- Ecommerce.Foi1939register -->
