<?xml version="1.0" encoding="UTF-8"?>
<!-- Generated by org.testng.reporters.JUnitReportReporter -->
<testsuite skipped="0" hostname="PR020921" name="dicovery.DeliveryOption.Onloan" tests="1" failures="0" timestamp="08 Mar 2018 13:18:52 GMT" time="10.790" errors="0">
  <testcase name="onloan" time="10.790" classname="dicovery.DeliveryOption.Onloan"/>
</testsuite> <!-- dicovery.DeliveryOption.Onloan -->
