<?xml version="1.0" encoding="UTF-8"?>
<!-- Generated by org.testng.reporters.JUnitReportReporter -->
<testsuite skipped="0" hostname="PR020921" name="discovery.SingleSignOnTest.SS_clickRegisterwithEmptyFields" tests="1" failures="0" timestamp="08 Mar 2018 13:18:53 GMT" time="12.848" errors="0">
  <testcase name="clickRegisterwithEmptyFields" time="12.848" classname="discovery.SingleSignOnTest.SS_clickRegisterwithEmptyFields"/>
</testsuite> <!-- discovery.SingleSignOnTest.SS_clickRegisterwithEmptyFields -->
