<?xml version="1.0" encoding="UTF-8"?>
<!-- Generated by org.testng.reporters.JUnitReportReporter -->
<testsuite skipped="0" hostname="PR020921" name="discovery.Ecommerce.HomeGuard" tests="1" failures="0" timestamp="08 Mar 2018 13:18:51 GMT" time="95.398" errors="0">
  <testcase name="HomeGuard" time="95.398" classname="discovery.Ecommerce.HomeGuard"/>
</testsuite> <!-- discovery.Ecommerce.HomeGuard -->
