<?xml version="1.0" encoding="UTF-8"?>
<!-- Generated by org.testng.reporters.JUnitReportReporter -->
<testsuite skipped="0" hostname="PR020921" name="discovery.FindAnAichiveOnTest.FA_ExportAllRecordsAsCSV" tests="1" failures="0" timestamp="08 Mar 2018 13:18:52 GMT" time="35.978" errors="0">
  <testcase name="ExportAllRecordsAsCSV" time="35.978" classname="discovery.FindAnAichiveOnTest.FA_ExportAllRecordsAsCSV"/>
</testsuite> <!-- discovery.FindAnAichiveOnTest.FA_ExportAllRecordsAsCSV -->
