<?xml version="1.0" encoding="UTF-8"?>
<!-- Generated by org.testng.reporters.JUnitReportReporter -->
<testsuite skipped="0" hostname="EC2AMAZ-UMIME9S" name="Sar.Sar_J24312FoiRequest" tests="1" failures="0" timestamp="29 Jul 2019 15:48:04 GMT" time="11.719" errors="0">
  <testcase name="J24312FoiRequest" time="11.719" classname="Sar.Sar_J24312FoiRequest"/>
</testsuite> <!-- Sar.Sar_J24312FoiRequest -->
