<?xml version="1.0" encoding="UTF-8"?>
<!-- Generated by org.testng.reporters.JUnitReportReporter -->
<testsuite skipped="0" hostname="PR020921" name="discovery.TagOnTest.StopListTag" tests="1" failures="0" timestamp="08 Mar 2018 13:18:51 GMT" time="26.074" errors="0">
  <testcase name="StopListTag" time="26.074" classname="discovery.TagOnTest.StopListTag"/>
</testsuite> <!-- discovery.TagOnTest.StopListTag -->
